*** Installation started 2016/08/11 21:02 ***
Source: C:\Users\dukunlin\Downloads\scons-2.5.0-setup.exe
999 Root Key: HKEY_CURRENT_USER
020 Reg DB Key: [Software\Microsoft\Windows\CurrentVersion\Uninstall]scons-py2.7
040 Reg DB Value: [Software\Microsoft\Windows\CurrentVersion\Uninstall\scons-py2.7]DisplayName=Python 2.7 SCons - a software construction tool
040 Reg DB Value: [Software\Microsoft\Windows\CurrentVersion\Uninstall\scons-py2.7]UninstallString="C:\Python27\Removescons.exe" -u "C:\Python27\scons-wininst.log"
200 File Copy: C:\Python27\Scripts\scons.py
200 File Copy: C:\Python27\Scripts\sconsign.py
200 File Copy: C:\Python27\Scripts\scons-2.5.0.py
200 File Copy: C:\Python27\Scripts\scons-2.5.0.bat
200 File Copy: C:\Python27\Scripts\sconsign-2.5.0.py
200 File Copy: C:\Python27\Scripts\scons-time-2.5.0.py
200 File Copy: C:\Python27\Scripts\scons-time.py
200 File Copy: C:\Python27\Scripts\scons.bat
100 Made Dir: C:\Python27\Lib\site-packages\scons-2.5.0
200 File Copy: C:\Python27\Lib\site-packages\scons-2.5.0\scons-2.5.0-py2.7.egg-info
100 Made Dir: C:\Python27\Lib\site-packages\scons-2.5.0\SCons
200 File Copy: C:\Python27\Lib\site-packages\scons-2.5.0\SCons\cpp.py
200 File Copy: C:\Python27\Lib\site-packages\scons-2.5.0\SCons\Util.py
200 File Copy: C:\Python27\Lib\site-packages\scons-2.5.0\SCons\SConf.py
200 File Copy: C:\Python27\Lib\site-packages\scons-2.5.0\SCons\Taskmaster.py
200 File Copy: C:\Python27\Lib\site-packages\scons-2.5.0\SCons\Warnings.py
200 File Copy: C:\Python27\Lib\site-packages\scons-2.5.0\SCons\Action.py
200 File Copy: C:\Python27\Lib\site-packages\scons-2.5.0\SCons\Executor.py
200 File Copy: C:\Python27\Lib\site-packages\scons-2.5.0\SCons\CacheDir.py
200 File Copy: C:\Python27\Lib\site-packages\scons-2.5.0\SCons\exitfuncs.py
200 File Copy: C:\Python27\Lib\site-packages\scons-2.5.0\SCons\Builder.py
200 File Copy: C:\Python27\Lib\site-packages\scons-2.5.0\SCons\__init__.py
200 File Copy: C:\Python27\Lib\site-packages\scons-2.5.0\SCons\Job.py
200 File Copy: C:\Python27\Lib\site-packages\scons-2.5.0\SCons\Errors.py
200 File Copy: C:\Python27\Lib\site-packages\scons-2.5.0\SCons\Debug.py
200 File Copy: C:\Python27\Lib\site-packages\scons-2.5.0\SCons\Defaults.py
200 File Copy: C:\Python27\Lib\site-packages\scons-2.5.0\SCons\Memoize.py
200 File Copy: C:\Python27\Lib\site-packages\scons-2.5.0\SCons\PathList.py
200 File Copy: C:\Python27\Lib\site-packages\scons-2.5.0\SCons\SConsign.py
200 File Copy: C:\Python27\Lib\site-packages\scons-2.5.0\SCons\Subst.py
200 File Copy: C:\Python27\Lib\site-packages\scons-2.5.0\SCons\Environment.py
200 File Copy: C:\Python27\Lib\site-packages\scons-2.5.0\SCons\Sig.py
200 File Copy: C:\Python27\Lib\site-packages\scons-2.5.0\SCons\Conftest.py
200 File Copy: C:\Python27\Lib\site-packages\scons-2.5.0\SCons\dblite.py
100 Made Dir: C:\Python27\Lib\site-packages\scons-2.5.0\SCons\Options
200 File Copy: C:\Python27\Lib\site-packages\scons-2.5.0\SCons\Options\PathOption.py
200 File Copy: C:\Python27\Lib\site-packages\scons-2.5.0\SCons\Options\BoolOption.py
200 File Copy: C:\Python27\Lib\site-packages\scons-2.5.0\SCons\Options\EnumOption.py
200 File Copy: C:\Python27\Lib\site-packages\scons-2.5.0\SCons\Options\__init__.py
200 File Copy: C:\Python27\Lib\site-packages\scons-2.5.0\SCons\Options\PackageOption.py
200 File Copy: C:\Python27\Lib\site-packages\scons-2.5.0\SCons\Options\ListOption.py
100 Made Dir: C:\Python27\Lib\site-packages\scons-2.5.0\SCons\compat
200 File Copy: C:\Python27\Lib\site-packages\scons-2.5.0\SCons\compat\_scons_builtins.py
200 File Copy: C:\Python27\Lib\site-packages\scons-2.5.0\SCons\compat\_scons_dbm.py
200 File Copy: C:\Python27\Lib\site-packages\scons-2.5.0\SCons\compat\_scons_hashlib.py
200 File Copy: C:\Python27\Lib\site-packages\scons-2.5.0\SCons\compat\__init__.py
100 Made Dir: C:\Python27\Lib\site-packages\scons-2.5.0\SCons\Platform
200 File Copy: C:\Python27\Lib\site-packages\scons-2.5.0\SCons\Platform\posix.py
200 File Copy: C:\Python27\Lib\site-packages\scons-2.5.0\SCons\Platform\sunos.py
200 File Copy: C:\Python27\Lib\site-packages\scons-2.5.0\SCons\Platform\__init__.py
200 File Copy: C:\Python27\Lib\site-packages\scons-2.5.0\SCons\Platform\win32.py
200 File Copy: C:\Python27\Lib\site-packages\scons-2.5.0\SCons\Platform\aix.py
200 File Copy: C:\Python27\Lib\site-packages\scons-2.5.0\SCons\Platform\os2.py
200 File Copy: C:\Python27\Lib\site-packages\scons-2.5.0\SCons\Platform\irix.py
200 File Copy: C:\Python27\Lib\site-packages\scons-2.5.0\SCons\Platform\hpux.py
200 File Copy: C:\Python27\Lib\site-packages\scons-2.5.0\SCons\Platform\cygwin.py
200 File Copy: C:\Python27\Lib\site-packages\scons-2.5.0\SCons\Platform\darwin.py
100 Made Dir: C:\Python27\Lib\site-packages\scons-2.5.0\SCons\Tool
200 File Copy: C:\Python27\Lib\site-packages\scons-2.5.0\SCons\Tool\ldc.py
200 File Copy: C:\Python27\Lib\site-packages\scons-2.5.0\SCons\Tool\sunf77.py
200 File Copy: C:\Python27\Lib\site-packages\scons-2.5.0\SCons\Tool\hplink.py
200 File Copy: C:\Python27\Lib\site-packages\scons-2.5.0\SCons\Tool\f95.py
200 File Copy: C:\Python27\Lib\site-packages\scons-2.5.0\SCons\Tool\sunlink.py
200 File Copy: C:\Python27\Lib\site-packages\scons-2.5.0\SCons\Tool\dvipdf.py
200 File Copy: C:\Python27\Lib\site-packages\scons-2.5.0\SCons\Tool\g++.py
200 File Copy: C:\Python27\Lib\site-packages\scons-2.5.0\SCons\Tool\msginit.py
200 File Copy: C:\Python27\Lib\site-packages\scons-2.5.0\SCons\Tool\zip.py
200 File Copy: C:\Python27\Lib\site-packages\scons-2.5.0\SCons\Tool\pdftex.py
200 File Copy: C:\Python27\Lib\site-packages\scons-2.5.0\SCons\Tool\c++.py
200 File Copy: C:\Python27\Lib\site-packages\scons-2.5.0\SCons\Tool\mslink.py
200 File Copy: C:\Python27\Lib\site-packages\scons-2.5.0\SCons\Tool\cvf.py
200 File Copy: C:\Python27\Lib\site-packages\scons-2.5.0\SCons\Tool\ifort.py
200 File Copy: C:\Python27\Lib\site-packages\scons-2.5.0\SCons\Tool\xgettext.py
200 File Copy: C:\Python27\Lib\site-packages\scons-2.5.0\SCons\Tool\aixlink.py
200 File Copy: C:\Python27\Lib\site-packages\scons-2.5.0\SCons\Tool\textfile.py
200 File Copy: C:\Python27\Lib\site-packages\scons-2.5.0\SCons\Tool\sunf90.py
200 File Copy: C:\Python27\Lib\site-packages\scons-2.5.0\SCons\Tool\link.py
200 File Copy: C:\Python27\Lib\site-packages\scons-2.5.0\SCons\Tool\ar.py
200 File Copy: C:\Python27\Lib\site-packages\scons-2.5.0\SCons\Tool\sunar.py
200 File Copy: C:\Python27\Lib\site-packages\scons-2.5.0\SCons\Tool\sgiar.py
200 File Copy: C:\Python27\Lib\site-packages\scons-2.5.0\SCons\Tool\ilink32.py
200 File Copy: C:\Python27\Lib\site-packages\scons-2.5.0\SCons\Tool\msgmerge.py
200 File Copy: C:\Python27\Lib\site-packages\scons-2.5.0\SCons\Tool\lex.py
200 File Copy: C:\Python27\Lib\site-packages\scons-2.5.0\SCons\Tool\aixc++.py
200 File Copy: C:\Python27\Lib\site-packages\scons-2.5.0\SCons\Tool\intelc.py
200 File Copy: C:\Python27\Lib\site-packages\scons-2.5.0\SCons\Tool\default.py
200 File Copy: C:\Python27\Lib\site-packages\scons-2.5.0\SCons\Tool\gcc.py
200 File Copy: C:\Python27\Lib\site-packages\scons-2.5.0\SCons\Tool\latex.py
200 File Copy: C:\Python27\Lib\site-packages\scons-2.5.0\SCons\Tool\ipkg.py
200 File Copy: C:\Python27\Lib\site-packages\scons-2.5.0\SCons\Tool\icc.py
200 File Copy: C:\Python27\Lib\site-packages\scons-2.5.0\SCons\Tool\swig.py
200 File Copy: C:\Python27\Lib\site-packages\scons-2.5.0\SCons\Tool\as.py
200 File Copy: C:\Python27\Lib\site-packages\scons-2.5.0\SCons\Tool\msvc.py
200 File Copy: C:\Python27\Lib\site-packages\scons-2.5.0\SCons\Tool\javah.py
200 File Copy: C:\Python27\Lib\site-packages\scons-2.5.0\SCons\Tool\msgfmt.py
200 File Copy: C:\Python27\Lib\site-packages\scons-2.5.0\SCons\Tool\linkloc.py
200 File Copy: C:\Python27\Lib\site-packages\scons-2.5.0\SCons\Tool\suncc.py
200 File Copy: C:\Python27\Lib\site-packages\scons-2.5.0\SCons\Tool\BitKeeper.py
200 File Copy: C:\Python27\Lib\site-packages\scons-2.5.0\SCons\Tool\tar.py
200 File Copy: C:\Python27\Lib\site-packages\scons-2.5.0\SCons\Tool\ifl.py
200 File Copy: C:\Python27\Lib\site-packages\scons-2.5.0\SCons\Tool\mingw.py
200 File Copy: C:\Python27\Lib\site-packages\scons-2.5.0\SCons\Tool\__init__.py
200 File Copy: C:\Python27\Lib\site-packages\scons-2.5.0\SCons\Tool\filesystem.py
200 File Copy: C:\Python27\Lib\site-packages\scons-2.5.0\SCons\Tool\Subversion.py
200 File Copy: C:\Python27\Lib\site-packages\scons-2.5.0\SCons\Tool\CVS.py
200 File Copy: C:\Python27\Lib\site-packages\scons-2.5.0\SCons\Tool\SCCS.py
200 File Copy: C:\Python27\Lib\site-packages\scons-2.5.0\SCons\Tool\cc.py
200 File Copy: C:\Python27\Lib\site-packages\scons-2.5.0\SCons\Tool\rpmutils.py
200 File Copy: C:\Python27\Lib\site-packages\scons-2.5.0\SCons\Tool\jar.py
200 File Copy: C:\Python27\Lib\site-packages\scons-2.5.0\SCons\Tool\hpcc.py
200 File Copy: C:\Python27\Lib\site-packages\scons-2.5.0\SCons\Tool\mslib.py
200 File Copy: C:\Python27\Lib\site-packages\scons-2.5.0\SCons\Tool\masm.py
200 File Copy: C:\Python27\Lib\site-packages\scons-2.5.0\SCons\Tool\bcc32.py
200 File Copy: C:\Python27\Lib\site-packages\scons-2.5.0\SCons\Tool\PharLapCommon.py
200 File Copy: C:\Python27\Lib\site-packages\scons-2.5.0\SCons\Tool\midl.py
200 File Copy: C:\Python27\Lib\site-packages\scons-2.5.0\SCons\Tool\applelink.py
200 File Copy: C:\Python27\Lib\site-packages\scons-2.5.0\SCons\Tool\mwcc.py
200 File Copy: C:\Python27\Lib\site-packages\scons-2.5.0\SCons\Tool\dvips.py
200 File Copy: C:\Python27\Lib\site-packages\scons-2.5.0\SCons\Tool\sgic++.py
200 File Copy: C:\Python27\Lib\site-packages\scons-2.5.0\SCons\Tool\gfortran.py
200 File Copy: C:\Python27\Lib\site-packages\scons-2.5.0\SCons\Tool\wix.py
200 File Copy: C:\Python27\Lib\site-packages\scons-2.5.0\SCons\Tool\sunf95.py
200 File Copy: C:\Python27\Lib\site-packages\scons-2.5.0\SCons\Tool\install.py
200 File Copy: C:\Python27\Lib\site-packages\scons-2.5.0\SCons\Tool\aixcc.py
200 File Copy: C:\Python27\Lib\site-packages\scons-2.5.0\SCons\Tool\f03.py
200 File Copy: C:\Python27\Lib\site-packages\scons-2.5.0\SCons\Tool\hpc++.py
200 File Copy: C:\Python27\Lib\site-packages\scons-2.5.0\SCons\Tool\GettextCommon.py
200 File Copy: C:\Python27\Lib\site-packages\scons-2.5.0\SCons\Tool\sunc++.py
200 File Copy: C:\Python27\Lib\site-packages\scons-2.5.0\SCons\Tool\gdc.py
200 File Copy: C:\Python27\Lib\site-packages\scons-2.5.0\SCons\Tool\RCS.py
200 File Copy: C:\Python27\Lib\site-packages\scons-2.5.0\SCons\Tool\dmd.py
200 File Copy: C:\Python27\Lib\site-packages\scons-2.5.0\SCons\Tool\mwld.py
200 File Copy: C:\Python27\Lib\site-packages\scons-2.5.0\SCons\Tool\cyglink.py
200 File Copy: C:\Python27\Lib\site-packages\scons-2.5.0\SCons\Tool\gettext.py
200 File Copy: C:\Python27\Lib\site-packages\scons-2.5.0\SCons\Tool\sgicc.py
200 File Copy: C:\Python27\Lib\site-packages\scons-2.5.0\SCons\Tool\FortranCommon.py
200 File Copy: C:\Python27\Lib\site-packages\scons-2.5.0\SCons\Tool\nasm.py
200 File Copy: C:\Python27\Lib\site-packages\scons-2.5.0\SCons\Tool\mssdk.py
200 File Copy: C:\Python27\Lib\site-packages\scons-2.5.0\SCons\Tool\pdflatex.py
200 File Copy: C:\Python27\Lib\site-packages\scons-2.5.0\SCons\Tool\g77.py
200 File Copy: C:\Python27\Lib\site-packages\scons-2.5.0\SCons\Tool\ilink.py
200 File Copy: C:\Python27\Lib\site-packages\scons-2.5.0\SCons\Tool\Perforce.py
200 File Copy: C:\Python27\Lib\site-packages\scons-2.5.0\SCons\Tool\rpcgen.py
200 File Copy: C:\Python27\Lib\site-packages\scons-2.5.0\SCons\Tool\sgilink.py
200 File Copy: C:\Python27\Lib\site-packages\scons-2.5.0\SCons\Tool\DCommon.py
200 File Copy: C:\Python27\Lib\site-packages\scons-2.5.0\SCons\Tool\pdf.py
200 File Copy: C:\Python27\Lib\site-packages\scons-2.5.0\SCons\Tool\msvs.py
200 File Copy: C:\Python27\Lib\site-packages\scons-2.5.0\SCons\Tool\f77.py
200 File Copy: C:\Python27\Lib\site-packages\scons-2.5.0\SCons\Tool\gnulink.py
200 File Copy: C:\Python27\Lib\site-packages\scons-2.5.0\SCons\Tool\rmic.py
200 File Copy: C:\Python27\Lib\site-packages\scons-2.5.0\SCons\Tool\386asm.py
200 File Copy: C:\Python27\Lib\site-packages\scons-2.5.0\SCons\Tool\tlib.py
200 File Copy: C:\Python27\Lib\site-packages\scons-2.5.0\SCons\Tool\dvi.py
200 File Copy: C:\Python27\Lib\site-packages\scons-2.5.0\SCons\Tool\yacc.py
200 File Copy: C:\Python27\Lib\site-packages\scons-2.5.0\SCons\Tool\gs.py
200 File Copy: C:\Python27\Lib\site-packages\scons-2.5.0\SCons\Tool\javac.py
200 File Copy: C:\Python27\Lib\site-packages\scons-2.5.0\SCons\Tool\qt.py
200 File Copy: C:\Python27\Lib\site-packages\scons-2.5.0\SCons\Tool\rpm.py
200 File Copy: C:\Python27\Lib\site-packages\scons-2.5.0\SCons\Tool\aixf77.py
200 File Copy: C:\Python27\Lib\site-packages\scons-2.5.0\SCons\Tool\m4.py
200 File Copy: C:\Python27\Lib\site-packages\scons-2.5.0\SCons\Tool\fortran.py
200 File Copy: C:\Python27\Lib\site-packages\scons-2.5.0\SCons\Tool\tex.py
200 File Copy: C:\Python27\Lib\site-packages\scons-2.5.0\SCons\Tool\icl.py
200 File Copy: C:\Python27\Lib\site-packages\scons-2.5.0\SCons\Tool\f90.py
200 File Copy: C:\Python27\Lib\site-packages\scons-2.5.0\SCons\Tool\JavaCommon.py
200 File Copy: C:\Python27\Lib\site-packages\scons-2.5.0\SCons\Tool\gas.py
100 Made Dir: C:\Python27\Lib\site-packages\scons-2.5.0\SCons\Tool\MSCommon
200 File Copy: C:\Python27\Lib\site-packages\scons-2.5.0\SCons\Tool\MSCommon\sdk.py
200 File Copy: C:\Python27\Lib\site-packages\scons-2.5.0\SCons\Tool\MSCommon\netframework.py
200 File Copy: C:\Python27\Lib\site-packages\scons-2.5.0\SCons\Tool\MSCommon\__init__.py
200 File Copy: C:\Python27\Lib\site-packages\scons-2.5.0\SCons\Tool\MSCommon\common.py
200 File Copy: C:\Python27\Lib\site-packages\scons-2.5.0\SCons\Tool\MSCommon\vc.py
200 File Copy: C:\Python27\Lib\site-packages\scons-2.5.0\SCons\Tool\MSCommon\arch.py
200 File Copy: C:\Python27\Lib\site-packages\scons-2.5.0\SCons\Tool\MSCommon\vs.py
100 Made Dir: C:\Python27\Lib\site-packages\scons-2.5.0\SCons\Tool\packaging
200 File Copy: C:\Python27\Lib\site-packages\scons-2.5.0\SCons\Tool\packaging\src_zip.py
200 File Copy: C:\Python27\Lib\site-packages\scons-2.5.0\SCons\Tool\packaging\src_targz.py
200 File Copy: C:\Python27\Lib\site-packages\scons-2.5.0\SCons\Tool\packaging\zip.py
200 File Copy: C:\Python27\Lib\site-packages\scons-2.5.0\SCons\Tool\packaging\__init__.py
200 File Copy: C:\Python27\Lib\site-packages\scons-2.5.0\SCons\Tool\packaging\targz.py
200 File Copy: C:\Python27\Lib\site-packages\scons-2.5.0\SCons\Tool\packaging\src_tarbz2.py
200 File Copy: C:\Python27\Lib\site-packages\scons-2.5.0\SCons\Tool\packaging\rpm.py
200 File Copy: C:\Python27\Lib\site-packages\scons-2.5.0\SCons\Tool\packaging\msi.py
200 File Copy: C:\Python27\Lib\site-packages\scons-2.5.0\SCons\Tool\packaging\ipk.py
200 File Copy: C:\Python27\Lib\site-packages\scons-2.5.0\SCons\Tool\packaging\tarbz2.py
100 Made Dir: C:\Python27\Lib\site-packages\scons-2.5.0\SCons\Tool\docbook
200 File Copy: C:\Python27\Lib\site-packages\scons-2.5.0\SCons\Tool\docbook\__init__.py
100 Made Dir: C:\Python27\Lib\site-packages\scons-2.5.0\SCons\Node
200 File Copy: C:\Python27\Lib\site-packages\scons-2.5.0\SCons\Node\Python.py
200 File Copy: C:\Python27\Lib\site-packages\scons-2.5.0\SCons\Node\__init__.py
200 File Copy: C:\Python27\Lib\site-packages\scons-2.5.0\SCons\Node\Alias.py
200 File Copy: C:\Python27\Lib\site-packages\scons-2.5.0\SCons\Node\FS.py
100 Made Dir: C:\Python27\Lib\site-packages\scons-2.5.0\SCons\Scanner
200 File Copy: C:\Python27\Lib\site-packages\scons-2.5.0\SCons\Scanner\IDL.py
200 File Copy: C:\Python27\Lib\site-packages\scons-2.5.0\SCons\Scanner\RC.py
200 File Copy: C:\Python27\Lib\site-packages\scons-2.5.0\SCons\Scanner\__init__.py
200 File Copy: C:\Python27\Lib\site-packages\scons-2.5.0\SCons\Scanner\Prog.py
200 File Copy: C:\Python27\Lib\site-packages\scons-2.5.0\SCons\Scanner\D.py
200 File Copy: C:\Python27\Lib\site-packages\scons-2.5.0\SCons\Scanner\LaTeX.py
200 File Copy: C:\Python27\Lib\site-packages\scons-2.5.0\SCons\Scanner\Dir.py
200 File Copy: C:\Python27\Lib\site-packages\scons-2.5.0\SCons\Scanner\C.py
200 File Copy: C:\Python27\Lib\site-packages\scons-2.5.0\SCons\Scanner\SWIG.py
200 File Copy: C:\Python27\Lib\site-packages\scons-2.5.0\SCons\Scanner\Fortran.py
100 Made Dir: C:\Python27\Lib\site-packages\scons-2.5.0\SCons\Script
200 File Copy: C:\Python27\Lib\site-packages\scons-2.5.0\SCons\Script\Interactive.py
200 File Copy: C:\Python27\Lib\site-packages\scons-2.5.0\SCons\Script\SConsOptions.py
200 File Copy: C:\Python27\Lib\site-packages\scons-2.5.0\SCons\Script\__init__.py
200 File Copy: C:\Python27\Lib\site-packages\scons-2.5.0\SCons\Script\Main.py
200 File Copy: C:\Python27\Lib\site-packages\scons-2.5.0\SCons\Script\SConscript.py
100 Made Dir: C:\Python27\Lib\site-packages\scons-2.5.0\SCons\Variables
200 File Copy: C:\Python27\Lib\site-packages\scons-2.5.0\SCons\Variables\ListVariable.py
200 File Copy: C:\Python27\Lib\site-packages\scons-2.5.0\SCons\Variables\PackageVariable.py
200 File Copy: C:\Python27\Lib\site-packages\scons-2.5.0\SCons\Variables\__init__.py
200 File Copy: C:\Python27\Lib\site-packages\scons-2.5.0\SCons\Variables\EnumVariable.py
200 File Copy: C:\Python27\Lib\site-packages\scons-2.5.0\SCons\Variables\BoolVariable.py
200 File Copy: C:\Python27\Lib\site-packages\scons-2.5.0\SCons\Variables\PathVariable.py
200 File Copy: C:\Python27\Lib\site-packages\scons-2.5.0\SCons\Variables\PathVariable.pyc
200 File Copy: C:\Python27\Lib\site-packages\scons-2.5.0\SCons\Variables\BoolVariable.pyc
200 File Copy: C:\Python27\Lib\site-packages\scons-2.5.0\SCons\Variables\EnumVariable.pyc
200 File Copy: C:\Python27\Lib\site-packages\scons-2.5.0\SCons\Variables\__init__.pyc
200 File Copy: C:\Python27\Lib\site-packages\scons-2.5.0\SCons\Variables\PackageVariable.pyc
200 File Copy: C:\Python27\Lib\site-packages\scons-2.5.0\SCons\Variables\ListVariable.pyc
200 File Copy: C:\Python27\Lib\site-packages\scons-2.5.0\SCons\Script\SConscript.pyc
200 File Copy: C:\Python27\Lib\site-packages\scons-2.5.0\SCons\Script\Main.pyc
200 File Copy: C:\Python27\Lib\site-packages\scons-2.5.0\SCons\Script\__init__.pyc
200 File Copy: C:\Python27\Lib\site-packages\scons-2.5.0\SCons\Script\SConsOptions.pyc
200 File Copy: C:\Python27\Lib\site-packages\scons-2.5.0\SCons\Script\Interactive.pyc
200 File Copy: C:\Python27\Lib\site-packages\scons-2.5.0\SCons\Scanner\Fortran.pyc
200 File Copy: C:\Python27\Lib\site-packages\scons-2.5.0\SCons\Scanner\SWIG.pyc
200 File Copy: C:\Python27\Lib\site-packages\scons-2.5.0\SCons\Scanner\C.pyc
200 File Copy: C:\Python27\Lib\site-packages\scons-2.5.0\SCons\Scanner\Dir.pyc
200 File Copy: C:\Python27\Lib\site-packages\scons-2.5.0\SCons\Scanner\LaTeX.pyc
200 File Copy: C:\Python27\Lib\site-packages\scons-2.5.0\SCons\Scanner\D.pyc
200 File Copy: C:\Python27\Lib\site-packages\scons-2.5.0\SCons\Scanner\Prog.pyc
200 File Copy: C:\Python27\Lib\site-packages\scons-2.5.0\SCons\Scanner\__init__.pyc
200 File Copy: C:\Python27\Lib\site-packages\scons-2.5.0\SCons\Scanner\RC.pyc
200 File Copy: C:\Python27\Lib\site-packages\scons-2.5.0\SCons\Scanner\IDL.pyc
200 File Copy: C:\Python27\Lib\site-packages\scons-2.5.0\SCons\Node\FS.pyc
200 File Copy: C:\Python27\Lib\site-packages\scons-2.5.0\SCons\Node\Alias.pyc
200 File Copy: C:\Python27\Lib\site-packages\scons-2.5.0\SCons\Node\__init__.pyc
200 File Copy: C:\Python27\Lib\site-packages\scons-2.5.0\SCons\Node\Python.pyc
200 File Copy: C:\Python27\Lib\site-packages\scons-2.5.0\SCons\Tool\docbook\__init__.pyc
200 File Copy: C:\Python27\Lib\site-packages\scons-2.5.0\SCons\Tool\packaging\tarbz2.pyc
200 File Copy: C:\Python27\Lib\site-packages\scons-2.5.0\SCons\Tool\packaging\ipk.pyc
200 File Copy: C:\Python27\Lib\site-packages\scons-2.5.0\SCons\Tool\packaging\msi.pyc
200 File Copy: C:\Python27\Lib\site-packages\scons-2.5.0\SCons\Tool\packaging\rpm.pyc
200 File Copy: C:\Python27\Lib\site-packages\scons-2.5.0\SCons\Tool\packaging\src_tarbz2.pyc
200 File Copy: C:\Python27\Lib\site-packages\scons-2.5.0\SCons\Tool\packaging\targz.pyc
200 File Copy: C:\Python27\Lib\site-packages\scons-2.5.0\SCons\Tool\packaging\__init__.pyc
200 File Copy: C:\Python27\Lib\site-packages\scons-2.5.0\SCons\Tool\packaging\zip.pyc
200 File Copy: C:\Python27\Lib\site-packages\scons-2.5.0\SCons\Tool\packaging\src_targz.pyc
200 File Copy: C:\Python27\Lib\site-packages\scons-2.5.0\SCons\Tool\packaging\src_zip.pyc
200 File Copy: C:\Python27\Lib\site-packages\scons-2.5.0\SCons\Tool\MSCommon\vs.pyc
200 File Copy: C:\Python27\Lib\site-packages\scons-2.5.0\SCons\Tool\MSCommon\arch.pyc
200 File Copy: C:\Python27\Lib\site-packages\scons-2.5.0\SCons\Tool\MSCommon\vc.pyc
200 File Copy: C:\Python27\Lib\site-packages\scons-2.5.0\SCons\Tool\MSCommon\common.pyc
200 File Copy: C:\Python27\Lib\site-packages\scons-2.5.0\SCons\Tool\MSCommon\__init__.pyc
200 File Copy: C:\Python27\Lib\site-packages\scons-2.5.0\SCons\Tool\MSCommon\netframework.pyc
200 File Copy: C:\Python27\Lib\site-packages\scons-2.5.0\SCons\Tool\MSCommon\sdk.pyc
200 File Copy: C:\Python27\Lib\site-packages\scons-2.5.0\SCons\Tool\gas.pyc
200 File Copy: C:\Python27\Lib\site-packages\scons-2.5.0\SCons\Tool\JavaCommon.pyc
200 File Copy: C:\Python27\Lib\site-packages\scons-2.5.0\SCons\Tool\f90.pyc
200 File Copy: C:\Python27\Lib\site-packages\scons-2.5.0\SCons\Tool\icl.pyc
200 File Copy: C:\Python27\Lib\site-packages\scons-2.5.0\SCons\Tool\tex.pyc
200 File Copy: C:\Python27\Lib\site-packages\scons-2.5.0\SCons\Tool\fortran.pyc
200 File Copy: C:\Python27\Lib\site-packages\scons-2.5.0\SCons\Tool\m4.pyc
200 File Copy: C:\Python27\Lib\site-packages\scons-2.5.0\SCons\Tool\aixf77.pyc
200 File Copy: C:\Python27\Lib\site-packages\scons-2.5.0\SCons\Tool\rpm.pyc
200 File Copy: C:\Python27\Lib\site-packages\scons-2.5.0\SCons\Tool\qt.pyc
200 File Copy: C:\Python27\Lib\site-packages\scons-2.5.0\SCons\Tool\javac.pyc
200 File Copy: C:\Python27\Lib\site-packages\scons-2.5.0\SCons\Tool\gs.pyc
200 File Copy: C:\Python27\Lib\site-packages\scons-2.5.0\SCons\Tool\yacc.pyc
200 File Copy: C:\Python27\Lib\site-packages\scons-2.5.0\SCons\Tool\dvi.pyc
200 File Copy: C:\Python27\Lib\site-packages\scons-2.5.0\SCons\Tool\tlib.pyc
200 File Copy: C:\Python27\Lib\site-packages\scons-2.5.0\SCons\Tool\386asm.pyc
200 File Copy: C:\Python27\Lib\site-packages\scons-2.5.0\SCons\Tool\rmic.pyc
200 File Copy: C:\Python27\Lib\site-packages\scons-2.5.0\SCons\Tool\gnulink.pyc
200 File Copy: C:\Python27\Lib\site-packages\scons-2.5.0\SCons\Tool\f77.pyc
200 File Copy: C:\Python27\Lib\site-packages\scons-2.5.0\SCons\Tool\msvs.pyc
200 File Copy: C:\Python27\Lib\site-packages\scons-2.5.0\SCons\Tool\pdf.pyc
200 File Copy: C:\Python27\Lib\site-packages\scons-2.5.0\SCons\Tool\DCommon.pyc
200 File Copy: C:\Python27\Lib\site-packages\scons-2.5.0\SCons\Tool\sgilink.pyc
200 File Copy: C:\Python27\Lib\site-packages\scons-2.5.0\SCons\Tool\rpcgen.pyc
200 File Copy: C:\Python27\Lib\site-packages\scons-2.5.0\SCons\Tool\Perforce.pyc
200 File Copy: C:\Python27\Lib\site-packages\scons-2.5.0\SCons\Tool\ilink.pyc
200 File Copy: C:\Python27\Lib\site-packages\scons-2.5.0\SCons\Tool\g77.pyc
200 File Copy: C:\Python27\Lib\site-packages\scons-2.5.0\SCons\Tool\pdflatex.pyc
200 File Copy: C:\Python27\Lib\site-packages\scons-2.5.0\SCons\Tool\mssdk.pyc
200 File Copy: C:\Python27\Lib\site-packages\scons-2.5.0\SCons\Tool\nasm.pyc
200 File Copy: C:\Python27\Lib\site-packages\scons-2.5.0\SCons\Tool\FortranCommon.pyc
200 File Copy: C:\Python27\Lib\site-packages\scons-2.5.0\SCons\Tool\sgicc.pyc
200 File Copy: C:\Python27\Lib\site-packages\scons-2.5.0\SCons\Tool\gettext.pyc
200 File Copy: C:\Python27\Lib\site-packages\scons-2.5.0\SCons\Tool\cyglink.pyc
200 File Copy: C:\Python27\Lib\site-packages\scons-2.5.0\SCons\Tool\mwld.pyc
200 File Copy: C:\Python27\Lib\site-packages\scons-2.5.0\SCons\Tool\dmd.pyc
200 File Copy: C:\Python27\Lib\site-packages\scons-2.5.0\SCons\Tool\RCS.pyc
200 File Copy: C:\Python27\Lib\site-packages\scons-2.5.0\SCons\Tool\gdc.pyc
200 File Copy: C:\Python27\Lib\site-packages\scons-2.5.0\SCons\Tool\sunc++.pyc
200 File Copy: C:\Python27\Lib\site-packages\scons-2.5.0\SCons\Tool\GettextCommon.pyc
200 File Copy: C:\Python27\Lib\site-packages\scons-2.5.0\SCons\Tool\hpc++.pyc
200 File Copy: C:\Python27\Lib\site-packages\scons-2.5.0\SCons\Tool\f03.pyc
200 File Copy: C:\Python27\Lib\site-packages\scons-2.5.0\SCons\Tool\aixcc.pyc
200 File Copy: C:\Python27\Lib\site-packages\scons-2.5.0\SCons\Tool\install.pyc
200 File Copy: C:\Python27\Lib\site-packages\scons-2.5.0\SCons\Tool\sunf95.pyc
200 File Copy: C:\Python27\Lib\site-packages\scons-2.5.0\SCons\Tool\wix.pyc
200 File Copy: C:\Python27\Lib\site-packages\scons-2.5.0\SCons\Tool\gfortran.pyc
200 File Copy: C:\Python27\Lib\site-packages\scons-2.5.0\SCons\Tool\sgic++.pyc
200 File Copy: C:\Python27\Lib\site-packages\scons-2.5.0\SCons\Tool\dvips.pyc
200 File Copy: C:\Python27\Lib\site-packages\scons-2.5.0\SCons\Tool\mwcc.pyc
200 File Copy: C:\Python27\Lib\site-packages\scons-2.5.0\SCons\Tool\applelink.pyc
200 File Copy: C:\Python27\Lib\site-packages\scons-2.5.0\SCons\Tool\midl.pyc
200 File Copy: C:\Python27\Lib\site-packages\scons-2.5.0\SCons\Tool\PharLapCommon.pyc
200 File Copy: C:\Python27\Lib\site-packages\scons-2.5.0\SCons\Tool\bcc32.pyc
200 File Copy: C:\Python27\Lib\site-packages\scons-2.5.0\SCons\Tool\masm.pyc
200 File Copy: C:\Python27\Lib\site-packages\scons-2.5.0\SCons\Tool\mslib.pyc
200 File Copy: C:\Python27\Lib\site-packages\scons-2.5.0\SCons\Tool\hpcc.pyc
200 File Copy: C:\Python27\Lib\site-packages\scons-2.5.0\SCons\Tool\jar.pyc
200 File Copy: C:\Python27\Lib\site-packages\scons-2.5.0\SCons\Tool\rpmutils.pyc
200 File Copy: C:\Python27\Lib\site-packages\scons-2.5.0\SCons\Tool\cc.pyc
200 File Copy: C:\Python27\Lib\site-packages\scons-2.5.0\SCons\Tool\SCCS.pyc
200 File Copy: C:\Python27\Lib\site-packages\scons-2.5.0\SCons\Tool\CVS.pyc
200 File Copy: C:\Python27\Lib\site-packages\scons-2.5.0\SCons\Tool\Subversion.pyc
200 File Copy: C:\Python27\Lib\site-packages\scons-2.5.0\SCons\Tool\filesystem.pyc
200 File Copy: C:\Python27\Lib\site-packages\scons-2.5.0\SCons\Tool\__init__.pyc
200 File Copy: C:\Python27\Lib\site-packages\scons-2.5.0\SCons\Tool\mingw.pyc
200 File Copy: C:\Python27\Lib\site-packages\scons-2.5.0\SCons\Tool\ifl.pyc
200 File Copy: C:\Python27\Lib\site-packages\scons-2.5.0\SCons\Tool\tar.pyc
200 File Copy: C:\Python27\Lib\site-packages\scons-2.5.0\SCons\Tool\BitKeeper.pyc
200 File Copy: C:\Python27\Lib\site-packages\scons-2.5.0\SCons\Tool\suncc.pyc
200 File Copy: C:\Python27\Lib\site-packages\scons-2.5.0\SCons\Tool\linkloc.pyc
200 File Copy: C:\Python27\Lib\site-packages\scons-2.5.0\SCons\Tool\msgfmt.pyc
200 File Copy: C:\Python27\Lib\site-packages\scons-2.5.0\SCons\Tool\javah.pyc
200 File Copy: C:\Python27\Lib\site-packages\scons-2.5.0\SCons\Tool\msvc.pyc
200 File Copy: C:\Python27\Lib\site-packages\scons-2.5.0\SCons\Tool\as.pyc
200 File Copy: C:\Python27\Lib\site-packages\scons-2.5.0\SCons\Tool\swig.pyc
200 File Copy: C:\Python27\Lib\site-packages\scons-2.5.0\SCons\Tool\icc.pyc
200 File Copy: C:\Python27\Lib\site-packages\scons-2.5.0\SCons\Tool\ipkg.pyc
200 File Copy: C:\Python27\Lib\site-packages\scons-2.5.0\SCons\Tool\latex.pyc
200 File Copy: C:\Python27\Lib\site-packages\scons-2.5.0\SCons\Tool\gcc.pyc
200 File Copy: C:\Python27\Lib\site-packages\scons-2.5.0\SCons\Tool\default.pyc
200 File Copy: C:\Python27\Lib\site-packages\scons-2.5.0\SCons\Tool\intelc.pyc
200 File Copy: C:\Python27\Lib\site-packages\scons-2.5.0\SCons\Tool\aixc++.pyc
200 File Copy: C:\Python27\Lib\site-packages\scons-2.5.0\SCons\Tool\lex.pyc
200 File Copy: C:\Python27\Lib\site-packages\scons-2.5.0\SCons\Tool\msgmerge.pyc
200 File Copy: C:\Python27\Lib\site-packages\scons-2.5.0\SCons\Tool\ilink32.pyc
200 File Copy: C:\Python27\Lib\site-packages\scons-2.5.0\SCons\Tool\sgiar.pyc
200 File Copy: C:\Python27\Lib\site-packages\scons-2.5.0\SCons\Tool\sunar.pyc
200 File Copy: C:\Python27\Lib\site-packages\scons-2.5.0\SCons\Tool\ar.pyc
200 File Copy: C:\Python27\Lib\site-packages\scons-2.5.0\SCons\Tool\link.pyc
200 File Copy: C:\Python27\Lib\site-packages\scons-2.5.0\SCons\Tool\sunf90.pyc
200 File Copy: C:\Python27\Lib\site-packages\scons-2.5.0\SCons\Tool\textfile.pyc
200 File Copy: C:\Python27\Lib\site-packages\scons-2.5.0\SCons\Tool\aixlink.pyc
200 File Copy: C:\Python27\Lib\site-packages\scons-2.5.0\SCons\Tool\xgettext.pyc
200 File Copy: C:\Python27\Lib\site-packages\scons-2.5.0\SCons\Tool\ifort.pyc
200 File Copy: C:\Python27\Lib\site-packages\scons-2.5.0\SCons\Tool\cvf.pyc
200 File Copy: C:\Python27\Lib\site-packages\scons-2.5.0\SCons\Tool\mslink.pyc
200 File Copy: C:\Python27\Lib\site-packages\scons-2.5.0\SCons\Tool\c++.pyc
200 File Copy: C:\Python27\Lib\site-packages\scons-2.5.0\SCons\Tool\pdftex.pyc
200 File Copy: C:\Python27\Lib\site-packages\scons-2.5.0\SCons\Tool\zip.pyc
200 File Copy: C:\Python27\Lib\site-packages\scons-2.5.0\SCons\Tool\msginit.pyc
200 File Copy: C:\Python27\Lib\site-packages\scons-2.5.0\SCons\Tool\g++.pyc
200 File Copy: C:\Python27\Lib\site-packages\scons-2.5.0\SCons\Tool\dvipdf.pyc
200 File Copy: C:\Python27\Lib\site-packages\scons-2.5.0\SCons\Tool\sunlink.pyc
200 File Copy: C:\Python27\Lib\site-packages\scons-2.5.0\SCons\Tool\f95.pyc
200 File Copy: C:\Python27\Lib\site-packages\scons-2.5.0\SCons\Tool\hplink.pyc
200 File Copy: C:\Python27\Lib\site-packages\scons-2.5.0\SCons\Tool\sunf77.pyc
200 File Copy: C:\Python27\Lib\site-packages\scons-2.5.0\SCons\Tool\ldc.pyc
200 File Copy: C:\Python27\Lib\site-packages\scons-2.5.0\SCons\Platform\darwin.pyc
200 File Copy: C:\Python27\Lib\site-packages\scons-2.5.0\SCons\Platform\cygwin.pyc
200 File Copy: C:\Python27\Lib\site-packages\scons-2.5.0\SCons\Platform\hpux.pyc
200 File Copy: C:\Python27\Lib\site-packages\scons-2.5.0\SCons\Platform\irix.pyc
200 File Copy: C:\Python27\Lib\site-packages\scons-2.5.0\SCons\Platform\os2.pyc
200 File Copy: C:\Python27\Lib\site-packages\scons-2.5.0\SCons\Platform\aix.pyc
200 File Copy: C:\Python27\Lib\site-packages\scons-2.5.0\SCons\Platform\win32.pyc
200 File Copy: C:\Python27\Lib\site-packages\scons-2.5.0\SCons\Platform\__init__.pyc
200 File Copy: C:\Python27\Lib\site-packages\scons-2.5.0\SCons\Platform\sunos.pyc
200 File Copy: C:\Python27\Lib\site-packages\scons-2.5.0\SCons\Platform\posix.pyc
200 File Copy: C:\Python27\Lib\site-packages\scons-2.5.0\SCons\compat\__init__.pyc
200 File Copy: C:\Python27\Lib\site-packages\scons-2.5.0\SCons\compat\_scons_hashlib.pyc
200 File Copy: C:\Python27\Lib\site-packages\scons-2.5.0\SCons\compat\_scons_dbm.pyc
200 File Copy: C:\Python27\Lib\site-packages\scons-2.5.0\SCons\compat\_scons_builtins.pyc
200 File Copy: C:\Python27\Lib\site-packages\scons-2.5.0\SCons\Options\ListOption.pyc
200 File Copy: C:\Python27\Lib\site-packages\scons-2.5.0\SCons\Options\PackageOption.pyc
200 File Copy: C:\Python27\Lib\site-packages\scons-2.5.0\SCons\Options\__init__.pyc
200 File Copy: C:\Python27\Lib\site-packages\scons-2.5.0\SCons\Options\EnumOption.pyc
200 File Copy: C:\Python27\Lib\site-packages\scons-2.5.0\SCons\Options\BoolOption.pyc
200 File Copy: C:\Python27\Lib\site-packages\scons-2.5.0\SCons\Options\PathOption.pyc
200 File Copy: C:\Python27\Lib\site-packages\scons-2.5.0\SCons\dblite.pyc
200 File Copy: C:\Python27\Lib\site-packages\scons-2.5.0\SCons\Conftest.pyc
200 File Copy: C:\Python27\Lib\site-packages\scons-2.5.0\SCons\Sig.pyc
200 File Copy: C:\Python27\Lib\site-packages\scons-2.5.0\SCons\Environment.pyc
200 File Copy: C:\Python27\Lib\site-packages\scons-2.5.0\SCons\Subst.pyc
200 File Copy: C:\Python27\Lib\site-packages\scons-2.5.0\SCons\SConsign.pyc
200 File Copy: C:\Python27\Lib\site-packages\scons-2.5.0\SCons\PathList.pyc
200 File Copy: C:\Python27\Lib\site-packages\scons-2.5.0\SCons\Memoize.pyc
200 File Copy: C:\Python27\Lib\site-packages\scons-2.5.0\SCons\Defaults.pyc
200 File Copy: C:\Python27\Lib\site-packages\scons-2.5.0\SCons\Debug.pyc
200 File Copy: C:\Python27\Lib\site-packages\scons-2.5.0\SCons\Errors.pyc
200 File Copy: C:\Python27\Lib\site-packages\scons-2.5.0\SCons\Job.pyc
200 File Copy: C:\Python27\Lib\site-packages\scons-2.5.0\SCons\__init__.pyc
200 File Copy: C:\Python27\Lib\site-packages\scons-2.5.0\SCons\Builder.pyc
200 File Copy: C:\Python27\Lib\site-packages\scons-2.5.0\SCons\exitfuncs.pyc
200 File Copy: C:\Python27\Lib\site-packages\scons-2.5.0\SCons\CacheDir.pyc
200 File Copy: C:\Python27\Lib\site-packages\scons-2.5.0\SCons\Executor.pyc
200 File Copy: C:\Python27\Lib\site-packages\scons-2.5.0\SCons\Action.pyc
200 File Copy: C:\Python27\Lib\site-packages\scons-2.5.0\SCons\Warnings.pyc
200 File Copy: C:\Python27\Lib\site-packages\scons-2.5.0\SCons\Taskmaster.pyc
200 File Copy: C:\Python27\Lib\site-packages\scons-2.5.0\SCons\SConf.pyc
200 File Copy: C:\Python27\Lib\site-packages\scons-2.5.0\SCons\Util.pyc
200 File Copy: C:\Python27\Lib\site-packages\scons-2.5.0\SCons\cpp.pyc
200 File Copy: C:\Python27\Scripts\scons-time.pyc
200 File Copy: C:\Python27\Scripts\scons-time-2.5.0.pyc
200 File Copy: C:\Python27\Scripts\sconsign-2.5.0.pyc
200 File Copy: C:\Python27\Scripts\scons-2.5.0.pyc
200 File Copy: C:\Python27\Scripts\sconsign.pyc
200 File Copy: C:\Python27\Scripts\scons.pyc
200 File Copy: C:\Python27\Lib\site-packages\scons-2.5.0\SCons\Variables\PathVariable.pyo
200 File Copy: C:\Python27\Lib\site-packages\scons-2.5.0\SCons\Variables\BoolVariable.pyo
200 File Copy: C:\Python27\Lib\site-packages\scons-2.5.0\SCons\Variables\EnumVariable.pyo
200 File Copy: C:\Python27\Lib\site-packages\scons-2.5.0\SCons\Variables\__init__.pyo
200 File Copy: C:\Python27\Lib\site-packages\scons-2.5.0\SCons\Variables\PackageVariable.pyo
200 File Copy: C:\Python27\Lib\site-packages\scons-2.5.0\SCons\Variables\ListVariable.pyo
200 File Copy: C:\Python27\Lib\site-packages\scons-2.5.0\SCons\Script\SConscript.pyo
200 File Copy: C:\Python27\Lib\site-packages\scons-2.5.0\SCons\Script\Main.pyo
200 File Copy: C:\Python27\Lib\site-packages\scons-2.5.0\SCons\Script\__init__.pyo
200 File Copy: C:\Python27\Lib\site-packages\scons-2.5.0\SCons\Script\SConsOptions.pyo
200 File Copy: C:\Python27\Lib\site-packages\scons-2.5.0\SCons\Script\Interactive.pyo
200 File Copy: C:\Python27\Lib\site-packages\scons-2.5.0\SCons\Scanner\Fortran.pyo
200 File Copy: C:\Python27\Lib\site-packages\scons-2.5.0\SCons\Scanner\SWIG.pyo
200 File Copy: C:\Python27\Lib\site-packages\scons-2.5.0\SCons\Scanner\C.pyo
200 File Copy: C:\Python27\Lib\site-packages\scons-2.5.0\SCons\Scanner\Dir.pyo
200 File Copy: C:\Python27\Lib\site-packages\scons-2.5.0\SCons\Scanner\LaTeX.pyo
200 File Copy: C:\Python27\Lib\site-packages\scons-2.5.0\SCons\Scanner\D.pyo
200 File Copy: C:\Python27\Lib\site-packages\scons-2.5.0\SCons\Scanner\Prog.pyo
200 File Copy: C:\Python27\Lib\site-packages\scons-2.5.0\SCons\Scanner\__init__.pyo
200 File Copy: C:\Python27\Lib\site-packages\scons-2.5.0\SCons\Scanner\RC.pyo
200 File Copy: C:\Python27\Lib\site-packages\scons-2.5.0\SCons\Scanner\IDL.pyo
200 File Copy: C:\Python27\Lib\site-packages\scons-2.5.0\SCons\Node\FS.pyo
200 File Copy: C:\Python27\Lib\site-packages\scons-2.5.0\SCons\Node\Alias.pyo
200 File Copy: C:\Python27\Lib\site-packages\scons-2.5.0\SCons\Node\__init__.pyo
200 File Copy: C:\Python27\Lib\site-packages\scons-2.5.0\SCons\Node\Python.pyo
200 File Copy: C:\Python27\Lib\site-packages\scons-2.5.0\SCons\Tool\docbook\__init__.pyo
200 File Copy: C:\Python27\Lib\site-packages\scons-2.5.0\SCons\Tool\packaging\tarbz2.pyo
200 File Copy: C:\Python27\Lib\site-packages\scons-2.5.0\SCons\Tool\packaging\ipk.pyo
200 File Copy: C:\Python27\Lib\site-packages\scons-2.5.0\SCons\Tool\packaging\msi.pyo
200 File Copy: C:\Python27\Lib\site-packages\scons-2.5.0\SCons\Tool\packaging\rpm.pyo
200 File Copy: C:\Python27\Lib\site-packages\scons-2.5.0\SCons\Tool\packaging\src_tarbz2.pyo
200 File Copy: C:\Python27\Lib\site-packages\scons-2.5.0\SCons\Tool\packaging\targz.pyo
200 File Copy: C:\Python27\Lib\site-packages\scons-2.5.0\SCons\Tool\packaging\__init__.pyo
200 File Copy: C:\Python27\Lib\site-packages\scons-2.5.0\SCons\Tool\packaging\zip.pyo
200 File Copy: C:\Python27\Lib\site-packages\scons-2.5.0\SCons\Tool\packaging\src_targz.pyo
200 File Copy: C:\Python27\Lib\site-packages\scons-2.5.0\SCons\Tool\packaging\src_zip.pyo
200 File Copy: C:\Python27\Lib\site-packages\scons-2.5.0\SCons\Tool\MSCommon\vs.pyo
200 File Copy: C:\Python27\Lib\site-packages\scons-2.5.0\SCons\Tool\MSCommon\arch.pyo
200 File Copy: C:\Python27\Lib\site-packages\scons-2.5.0\SCons\Tool\MSCommon\vc.pyo
200 File Copy: C:\Python27\Lib\site-packages\scons-2.5.0\SCons\Tool\MSCommon\common.pyo
200 File Copy: C:\Python27\Lib\site-packages\scons-2.5.0\SCons\Tool\MSCommon\__init__.pyo
200 File Copy: C:\Python27\Lib\site-packages\scons-2.5.0\SCons\Tool\MSCommon\netframework.pyo
200 File Copy: C:\Python27\Lib\site-packages\scons-2.5.0\SCons\Tool\MSCommon\sdk.pyo
200 File Copy: C:\Python27\Lib\site-packages\scons-2.5.0\SCons\Tool\gas.pyo
200 File Copy: C:\Python27\Lib\site-packages\scons-2.5.0\SCons\Tool\JavaCommon.pyo
200 File Copy: C:\Python27\Lib\site-packages\scons-2.5.0\SCons\Tool\f90.pyo
200 File Copy: C:\Python27\Lib\site-packages\scons-2.5.0\SCons\Tool\icl.pyo
200 File Copy: C:\Python27\Lib\site-packages\scons-2.5.0\SCons\Tool\tex.pyo
200 File Copy: C:\Python27\Lib\site-packages\scons-2.5.0\SCons\Tool\fortran.pyo
200 File Copy: C:\Python27\Lib\site-packages\scons-2.5.0\SCons\Tool\m4.pyo
200 File Copy: C:\Python27\Lib\site-packages\scons-2.5.0\SCons\Tool\aixf77.pyo
200 File Copy: C:\Python27\Lib\site-packages\scons-2.5.0\SCons\Tool\rpm.pyo
200 File Copy: C:\Python27\Lib\site-packages\scons-2.5.0\SCons\Tool\qt.pyo
200 File Copy: C:\Python27\Lib\site-packages\scons-2.5.0\SCons\Tool\javac.pyo
200 File Copy: C:\Python27\Lib\site-packages\scons-2.5.0\SCons\Tool\gs.pyo
200 File Copy: C:\Python27\Lib\site-packages\scons-2.5.0\SCons\Tool\yacc.pyo
200 File Copy: C:\Python27\Lib\site-packages\scons-2.5.0\SCons\Tool\dvi.pyo
200 File Copy: C:\Python27\Lib\site-packages\scons-2.5.0\SCons\Tool\tlib.pyo
200 File Copy: C:\Python27\Lib\site-packages\scons-2.5.0\SCons\Tool\386asm.pyo
200 File Copy: C:\Python27\Lib\site-packages\scons-2.5.0\SCons\Tool\rmic.pyo
200 File Copy: C:\Python27\Lib\site-packages\scons-2.5.0\SCons\Tool\gnulink.pyo
200 File Copy: C:\Python27\Lib\site-packages\scons-2.5.0\SCons\Tool\f77.pyo
200 File Copy: C:\Python27\Lib\site-packages\scons-2.5.0\SCons\Tool\msvs.pyo
200 File Copy: C:\Python27\Lib\site-packages\scons-2.5.0\SCons\Tool\pdf.pyo
200 File Copy: C:\Python27\Lib\site-packages\scons-2.5.0\SCons\Tool\DCommon.pyo
200 File Copy: C:\Python27\Lib\site-packages\scons-2.5.0\SCons\Tool\sgilink.pyo
200 File Copy: C:\Python27\Lib\site-packages\scons-2.5.0\SCons\Tool\rpcgen.pyo
200 File Copy: C:\Python27\Lib\site-packages\scons-2.5.0\SCons\Tool\Perforce.pyo
200 File Copy: C:\Python27\Lib\site-packages\scons-2.5.0\SCons\Tool\ilink.pyo
200 File Copy: C:\Python27\Lib\site-packages\scons-2.5.0\SCons\Tool\g77.pyo
200 File Copy: C:\Python27\Lib\site-packages\scons-2.5.0\SCons\Tool\pdflatex.pyo
200 File Copy: C:\Python27\Lib\site-packages\scons-2.5.0\SCons\Tool\mssdk.pyo
200 File Copy: C:\Python27\Lib\site-packages\scons-2.5.0\SCons\Tool\nasm.pyo
200 File Copy: C:\Python27\Lib\site-packages\scons-2.5.0\SCons\Tool\FortranCommon.pyo
200 File Copy: C:\Python27\Lib\site-packages\scons-2.5.0\SCons\Tool\sgicc.pyo
200 File Copy: C:\Python27\Lib\site-packages\scons-2.5.0\SCons\Tool\gettext.pyo
200 File Copy: C:\Python27\Lib\site-packages\scons-2.5.0\SCons\Tool\cyglink.pyo
200 File Copy: C:\Python27\Lib\site-packages\scons-2.5.0\SCons\Tool\mwld.pyo
200 File Copy: C:\Python27\Lib\site-packages\scons-2.5.0\SCons\Tool\dmd.pyo
200 File Copy: C:\Python27\Lib\site-packages\scons-2.5.0\SCons\Tool\RCS.pyo
200 File Copy: C:\Python27\Lib\site-packages\scons-2.5.0\SCons\Tool\gdc.pyo
200 File Copy: C:\Python27\Lib\site-packages\scons-2.5.0\SCons\Tool\sunc++.pyo
200 File Copy: C:\Python27\Lib\site-packages\scons-2.5.0\SCons\Tool\GettextCommon.pyo
200 File Copy: C:\Python27\Lib\site-packages\scons-2.5.0\SCons\Tool\hpc++.pyo
200 File Copy: C:\Python27\Lib\site-packages\scons-2.5.0\SCons\Tool\f03.pyo
200 File Copy: C:\Python27\Lib\site-packages\scons-2.5.0\SCons\Tool\aixcc.pyo
200 File Copy: C:\Python27\Lib\site-packages\scons-2.5.0\SCons\Tool\install.pyo
200 File Copy: C:\Python27\Lib\site-packages\scons-2.5.0\SCons\Tool\sunf95.pyo
200 File Copy: C:\Python27\Lib\site-packages\scons-2.5.0\SCons\Tool\wix.pyo
200 File Copy: C:\Python27\Lib\site-packages\scons-2.5.0\SCons\Tool\gfortran.pyo
200 File Copy: C:\Python27\Lib\site-packages\scons-2.5.0\SCons\Tool\sgic++.pyo
200 File Copy: C:\Python27\Lib\site-packages\scons-2.5.0\SCons\Tool\dvips.pyo
200 File Copy: C:\Python27\Lib\site-packages\scons-2.5.0\SCons\Tool\mwcc.pyo
200 File Copy: C:\Python27\Lib\site-packages\scons-2.5.0\SCons\Tool\applelink.pyo
200 File Copy: C:\Python27\Lib\site-packages\scons-2.5.0\SCons\Tool\midl.pyo
200 File Copy: C:\Python27\Lib\site-packages\scons-2.5.0\SCons\Tool\PharLapCommon.pyo
200 File Copy: C:\Python27\Lib\site-packages\scons-2.5.0\SCons\Tool\bcc32.pyo
200 File Copy: C:\Python27\Lib\site-packages\scons-2.5.0\SCons\Tool\masm.pyo
200 File Copy: C:\Python27\Lib\site-packages\scons-2.5.0\SCons\Tool\mslib.pyo
200 File Copy: C:\Python27\Lib\site-packages\scons-2.5.0\SCons\Tool\hpcc.pyo
200 File Copy: C:\Python27\Lib\site-packages\scons-2.5.0\SCons\Tool\jar.pyo
200 File Copy: C:\Python27\Lib\site-packages\scons-2.5.0\SCons\Tool\rpmutils.pyo
200 File Copy: C:\Python27\Lib\site-packages\scons-2.5.0\SCons\Tool\cc.pyo
200 File Copy: C:\Python27\Lib\site-packages\scons-2.5.0\SCons\Tool\SCCS.pyo
200 File Copy: C:\Python27\Lib\site-packages\scons-2.5.0\SCons\Tool\CVS.pyo
200 File Copy: C:\Python27\Lib\site-packages\scons-2.5.0\SCons\Tool\Subversion.pyo
200 File Copy: C:\Python27\Lib\site-packages\scons-2.5.0\SCons\Tool\filesystem.pyo
200 File Copy: C:\Python27\Lib\site-packages\scons-2.5.0\SCons\Tool\__init__.pyo
200 File Copy: C:\Python27\Lib\site-packages\scons-2.5.0\SCons\Tool\mingw.pyo
200 File Copy: C:\Python27\Lib\site-packages\scons-2.5.0\SCons\Tool\ifl.pyo
200 File Copy: C:\Python27\Lib\site-packages\scons-2.5.0\SCons\Tool\tar.pyo
200 File Copy: C:\Python27\Lib\site-packages\scons-2.5.0\SCons\Tool\BitKeeper.pyo
200 File Copy: C:\Python27\Lib\site-packages\scons-2.5.0\SCons\Tool\suncc.pyo
200 File Copy: C:\Python27\Lib\site-packages\scons-2.5.0\SCons\Tool\linkloc.pyo
200 File Copy: C:\Python27\Lib\site-packages\scons-2.5.0\SCons\Tool\msgfmt.pyo
200 File Copy: C:\Python27\Lib\site-packages\scons-2.5.0\SCons\Tool\javah.pyo
200 File Copy: C:\Python27\Lib\site-packages\scons-2.5.0\SCons\Tool\msvc.pyo
200 File Copy: C:\Python27\Lib\site-packages\scons-2.5.0\SCons\Tool\as.pyo
200 File Copy: C:\Python27\Lib\site-packages\scons-2.5.0\SCons\Tool\swig.pyo
200 File Copy: C:\Python27\Lib\site-packages\scons-2.5.0\SCons\Tool\icc.pyo
200 File Copy: C:\Python27\Lib\site-packages\scons-2.5.0\SCons\Tool\ipkg.pyo
200 File Copy: C:\Python27\Lib\site-packages\scons-2.5.0\SCons\Tool\latex.pyo
200 File Copy: C:\Python27\Lib\site-packages\scons-2.5.0\SCons\Tool\gcc.pyo
200 File Copy: C:\Python27\Lib\site-packages\scons-2.5.0\SCons\Tool\default.pyo
200 File Copy: C:\Python27\Lib\site-packages\scons-2.5.0\SCons\Tool\intelc.pyo
200 File Copy: C:\Python27\Lib\site-packages\scons-2.5.0\SCons\Tool\aixc++.pyo
200 File Copy: C:\Python27\Lib\site-packages\scons-2.5.0\SCons\Tool\lex.pyo
200 File Copy: C:\Python27\Lib\site-packages\scons-2.5.0\SCons\Tool\msgmerge.pyo
200 File Copy: C:\Python27\Lib\site-packages\scons-2.5.0\SCons\Tool\ilink32.pyo
200 File Copy: C:\Python27\Lib\site-packages\scons-2.5.0\SCons\Tool\sgiar.pyo
200 File Copy: C:\Python27\Lib\site-packages\scons-2.5.0\SCons\Tool\sunar.pyo
200 File Copy: C:\Python27\Lib\site-packages\scons-2.5.0\SCons\Tool\ar.pyo
200 File Copy: C:\Python27\Lib\site-packages\scons-2.5.0\SCons\Tool\link.pyo
200 File Copy: C:\Python27\Lib\site-packages\scons-2.5.0\SCons\Tool\sunf90.pyo
200 File Copy: C:\Python27\Lib\site-packages\scons-2.5.0\SCons\Tool\textfile.pyo
200 File Copy: C:\Python27\Lib\site-packages\scons-2.5.0\SCons\Tool\aixlink.pyo
200 File Copy: C:\Python27\Lib\site-packages\scons-2.5.0\SCons\Tool\xgettext.pyo
200 File Copy: C:\Python27\Lib\site-packages\scons-2.5.0\SCons\Tool\ifort.pyo
200 File Copy: C:\Python27\Lib\site-packages\scons-2.5.0\SCons\Tool\cvf.pyo
200 File Copy: C:\Python27\Lib\site-packages\scons-2.5.0\SCons\Tool\mslink.pyo
200 File Copy: C:\Python27\Lib\site-packages\scons-2.5.0\SCons\Tool\c++.pyo
200 File Copy: C:\Python27\Lib\site-packages\scons-2.5.0\SCons\Tool\pdftex.pyo
200 File Copy: C:\Python27\Lib\site-packages\scons-2.5.0\SCons\Tool\zip.pyo
200 File Copy: C:\Python27\Lib\site-packages\scons-2.5.0\SCons\Tool\msginit.pyo
200 File Copy: C:\Python27\Lib\site-packages\scons-2.5.0\SCons\Tool\g++.pyo
200 File Copy: C:\Python27\Lib\site-packages\scons-2.5.0\SCons\Tool\dvipdf.pyo
200 File Copy: C:\Python27\Lib\site-packages\scons-2.5.0\SCons\Tool\sunlink.pyo
200 File Copy: C:\Python27\Lib\site-packages\scons-2.5.0\SCons\Tool\f95.pyo
200 File Copy: C:\Python27\Lib\site-packages\scons-2.5.0\SCons\Tool\hplink.pyo
200 File Copy: C:\Python27\Lib\site-packages\scons-2.5.0\SCons\Tool\sunf77.pyo
200 File Copy: C:\Python27\Lib\site-packages\scons-2.5.0\SCons\Tool\ldc.pyo
200 File Copy: C:\Python27\Lib\site-packages\scons-2.5.0\SCons\Platform\darwin.pyo
200 File Copy: C:\Python27\Lib\site-packages\scons-2.5.0\SCons\Platform\cygwin.pyo
200 File Copy: C:\Python27\Lib\site-packages\scons-2.5.0\SCons\Platform\hpux.pyo
200 File Copy: C:\Python27\Lib\site-packages\scons-2.5.0\SCons\Platform\irix.pyo
200 File Copy: C:\Python27\Lib\site-packages\scons-2.5.0\SCons\Platform\os2.pyo
200 File Copy: C:\Python27\Lib\site-packages\scons-2.5.0\SCons\Platform\aix.pyo
200 File Copy: C:\Python27\Lib\site-packages\scons-2.5.0\SCons\Platform\win32.pyo
200 File Copy: C:\Python27\Lib\site-packages\scons-2.5.0\SCons\Platform\__init__.pyo
200 File Copy: C:\Python27\Lib\site-packages\scons-2.5.0\SCons\Platform\sunos.pyo
200 File Copy: C:\Python27\Lib\site-packages\scons-2.5.0\SCons\Platform\posix.pyo
200 File Copy: C:\Python27\Lib\site-packages\scons-2.5.0\SCons\compat\__init__.pyo
200 File Copy: C:\Python27\Lib\site-packages\scons-2.5.0\SCons\compat\_scons_hashlib.pyo
200 File Copy: C:\Python27\Lib\site-packages\scons-2.5.0\SCons\compat\_scons_dbm.pyo
200 File Copy: C:\Python27\Lib\site-packages\scons-2.5.0\SCons\compat\_scons_builtins.pyo
200 File Copy: C:\Python27\Lib\site-packages\scons-2.5.0\SCons\Options\ListOption.pyo
200 File Copy: C:\Python27\Lib\site-packages\scons-2.5.0\SCons\Options\PackageOption.pyo
200 File Copy: C:\Python27\Lib\site-packages\scons-2.5.0\SCons\Options\__init__.pyo
200 File Copy: C:\Python27\Lib\site-packages\scons-2.5.0\SCons\Options\EnumOption.pyo
200 File Copy: C:\Python27\Lib\site-packages\scons-2.5.0\SCons\Options\BoolOption.pyo
200 File Copy: C:\Python27\Lib\site-packages\scons-2.5.0\SCons\Options\PathOption.pyo
200 File Copy: C:\Python27\Lib\site-packages\scons-2.5.0\SCons\dblite.pyo
200 File Copy: C:\Python27\Lib\site-packages\scons-2.5.0\SCons\Conftest.pyo
200 File Copy: C:\Python27\Lib\site-packages\scons-2.5.0\SCons\Sig.pyo
200 File Copy: C:\Python27\Lib\site-packages\scons-2.5.0\SCons\Environment.pyo
200 File Copy: C:\Python27\Lib\site-packages\scons-2.5.0\SCons\Subst.pyo
200 File Copy: C:\Python27\Lib\site-packages\scons-2.5.0\SCons\SConsign.pyo
200 File Copy: C:\Python27\Lib\site-packages\scons-2.5.0\SCons\PathList.pyo
200 File Copy: C:\Python27\Lib\site-packages\scons-2.5.0\SCons\Memoize.pyo
200 File Copy: C:\Python27\Lib\site-packages\scons-2.5.0\SCons\Defaults.pyo
200 File Copy: C:\Python27\Lib\site-packages\scons-2.5.0\SCons\Debug.pyo
200 File Copy: C:\Python27\Lib\site-packages\scons-2.5.0\SCons\Errors.pyo
200 File Copy: C:\Python27\Lib\site-packages\scons-2.5.0\SCons\Job.pyo
200 File Copy: C:\Python27\Lib\site-packages\scons-2.5.0\SCons\__init__.pyo
200 File Copy: C:\Python27\Lib\site-packages\scons-2.5.0\SCons\Builder.pyo
200 File Copy: C:\Python27\Lib\site-packages\scons-2.5.0\SCons\exitfuncs.pyo
200 File Copy: C:\Python27\Lib\site-packages\scons-2.5.0\SCons\CacheDir.pyo
200 File Copy: C:\Python27\Lib\site-packages\scons-2.5.0\SCons\Executor.pyo
200 File Copy: C:\Python27\Lib\site-packages\scons-2.5.0\SCons\Action.pyo
200 File Copy: C:\Python27\Lib\site-packages\scons-2.5.0\SCons\Warnings.pyo
200 File Copy: C:\Python27\Lib\site-packages\scons-2.5.0\SCons\Taskmaster.pyo
200 File Copy: C:\Python27\Lib\site-packages\scons-2.5.0\SCons\SConf.pyo
200 File Copy: C:\Python27\Lib\site-packages\scons-2.5.0\SCons\Util.pyo
200 File Copy: C:\Python27\Lib\site-packages\scons-2.5.0\SCons\cpp.pyo
200 File Copy: C:\Python27\Scripts\scons-time.pyo
200 File Copy: C:\Python27\Scripts\scons-time-2.5.0.pyo
200 File Copy: C:\Python27\Scripts\sconsign-2.5.0.pyo
200 File Copy: C:\Python27\Scripts\scons-2.5.0.pyo
200 File Copy: C:\Python27\Scripts\sconsign.pyo
200 File Copy: C:\Python27\Scripts\scons.pyo
